<?xml version="1.0" encoding="UTF-8"?>
<testsuite name="BullsCowsTest" tests="1" skipped="0" failures="0" errors="0" timestamp="2020-10-28T23:55:48" hostname="DESKTOP-UCJ37A3" time="0.883">
  <properties/>
  <testcase name="start" classname="BullsCowsTest" time="0.883"/>
  <system-out><![CDATA[?[1;31m
Start test 1?[0m
> 1
Okay, let's start a game!
Turn 1:
> 0
0
Grade: None
Turn 2:
> 1
0
Grade: None
Turn 3:
> 2
0
Grade: None
Turn 4:
> 3
0
Grade: None
Turn 5:
> 4
0
Grade: None
Turn 6:
> 5
0
Grade: 1 bull
Congratulations! You guessed the secret code.
?[1;31m
Start test 2?[0m
> 4
Okay, let's start a game!
Turn 1:
> 0000
0
Grade: None
Turn 2:
> 1111
0
1
2
3
Grade: 1 bull
Turn 3:
> 2222
0
1
2
3
Grade: None
Turn 4:
> 3333
0
1
2
3
Grade: None
Turn 5:
> 4444
0
1
2
3
Grade: None
Turn 6:
> 5555
0
1
2
3
Grade: 1 bull
Turn 7:
> 6666
0
1
2
3
Grade: 1 bull
Turn 8:
> 7777
0
1
2
3
Grade: 1 bull
Turn 9:
> 1567
0
1
2
3
Grade: 4 cows
Turn 10:
> 5167
0
1
2
3
Grade: 2 bulls
Turn 11:
> 6157
0
1
2
3
Grade: 1 bull
Turn 12:
> 1657
0
1
2
3
Grade: 4 cows
Turn 13:
> 5617
0
1
2
3
Grade: 1 bull
Turn 14:
> 6517
0
1
2
3
Grade: 4 cows
Turn 15:
> 7516
0
1
2
3
Grade: 1 bull
Turn 16:
> 5716
0
1
2
3
Grade: 2 bulls
Turn 17:
> 1756
0
1
2
3
Grade: 1 bull
Turn 18:
> 7156
0
1
2
3
Grade: 2 bulls
Turn 19:
> 5176
0
1
2
3
Grade: 4 bulls
Congratulations! You guessed the secret code.
?[1;31m
Start test 3?[0m
> 6
Okay, let's start a game!
Turn 1:
> 000000
0
Grade: None
Turn 2:
> 111111
0
1
2
3
4
5
Grade: 1 bull
Turn 3:
> 222222
0
1
2
3
4
5
Grade: 1 bull
Turn 4:
> 333333
0
1
2
3
4
5
Grade: None
Turn 5:
> 444444
0
1
2
3
4
5
Grade: None
Turn 6:
> 555555
0
1
2
3
4
5
Grade: 1 bull
Turn 7:
> 666666
0
1
2
3
4
5
Grade: 1 bull
Turn 8:
> 777777
0
1
2
3
4
5
Grade: 1 bull
Turn 9:
> 888888
0
1
2
3
4
5
Grade: None
Turn 10:
> 999999
0
1
2
3
4
5
Grade: 1 bull
Turn 11:
> 125679
0
1
2
3
4
5
Grade: 2 bulls
Turn 12:
> 215679
0
1
2
3
4
5
Grade: 3 bulls
Turn 13:
> 512679
0
1
2
3
4
5
Grade: 4 bulls
Turn 14:
> 152679
0
1
2
3
4
5
Grade: 2 bulls
Turn 15:
> 251679
0
1
2
3
4
5
Grade: 2 bulls
Turn 16:
> 521679
0
1
2
3
4
5
Grade: 3 bulls
Turn 17:
> 621579
0
1
2
3
4
5
Grade: 1 bull
Turn 18:
> 261579
0
1
2
3
4
5
Grade: 1 bull
Turn 19:
> 162579
0
1
2
3
4
5
Grade: 1 bull
Turn 20:
> 612579
0
1
2
3
4
5
Grade: 2 bulls
Turn 21:
> 216579
0
1
2
3
4
5
Grade: 2 bulls
Turn 22:
> 126579
0
1
2
3
4
5
Grade: 1 bull
Turn 23:
> 156279
0
1
2
3
4
5
Grade: 1 bull
Turn 24:
> 516279
0
1
2
3
4
5
Grade: 3 bulls
Turn 25:
> 615279
0
1
2
3
4
5
Grade: 2 bulls
Turn 26:
> 165279
0
1
2
3
4
5
Grade: 1 bull
Turn 27:
> 561279
0
1
2
3
4
5
Grade: 2 bulls
Turn 28:
> 651279
0
1
2
3
4
5
Grade: 1 bull
Turn 29:
> 652179
0
1
2
3
4
5
Grade: 1 bull
Turn 30:
> 562179
0
1
2
3
4
5
Grade: 2 bulls
Turn 31:
> 265179
0
1
2
3
4
5
Grade: 1 bull
Turn 32:
> 625179
0
1
2
3
4
5
Grade: 1 bull
Turn 33:
> 526179
0
1
2
3
4
5
Grade: 2 bulls
Turn 34:
> 256179
0
1
2
3
4
5
Grade: 1 bull
Turn 35:
> 756129
0
1
2
3
4
5
Grade: 2 bulls
Turn 36:
> 576129
0
1
2
3
4
5
Grade: 3 bulls
Turn 37:
> 675129
0
1
2
3
4
5
Grade: 2 bulls
Turn 38:
> 765129
0
1
2
3
4
5
Grade: 2 bulls
Turn 39:
> 567129
0
1
2
3
4
5
Grade: 4 bulls
Turn 40:
> 657129
0
1
2
3
4
5
Grade: 3 bulls
Turn 41:
> 157629
0
1
2
3
4
5
Grade: 4 bulls
Turn 42:
> 517629
0
1
2
3
4
5
Grade: 6 bulls
Congratulations! You guessed the secret code.
?[1;31m
Start test 4?[0m
> 11
Okay, let's start a game!
Error: can't generate a secret number with a length of 11 because there aren't enough unique digits.Turn 1:
]]></system-out>
  <system-err><![CDATA[]]></system-err>
</testsuite>
